Build started 16/09/2021 21:31:59.
     1>Project "C:\Users\asus\documents\visual studio 2013\Projects\OpenCVLA\OpenCVLA\OpenCVLA.vcxproj" on node 2 (Build target(s)).
     1>ClCompile:
         C:\Program Files (x86)\Microsoft Visual Studio 12.0\VC\bin\CL.exe /c /ZI /nologo /W3 /WX- /sdl /Od /Oy- /D WIN32 /D _DEBUG /D _CONSOLE /D _LIB /D _UNICODE /D UNICODE /Gm /EHsc /RTC1 /MDd /GS /fp:precise /Zc:wchar_t /Zc:forScope /Yu"stdafx.h" /Fp"Debug\OpenCVLA.pch" /Fo"Debug\\" /Fd"Debug\vc120.pdb" /Gd /TP /analyze- /errorReport:prompt OpenCVLA.cpp
         OpenCVLA.cpp
     1>c:\users\asus\documents\visual studio 2013\projects\opencvla\opencvla\opencvla.cpp(102): warning C4244: 'argument' : conversion from 'double' to 'int', possible loss of data
     1>c:\users\asus\documents\visual studio 2013\projects\opencvla\opencvla\opencvla.cpp(103): warning C4244: 'argument' : conversion from 'double' to 'int', possible loss of data
     1>c:\users\asus\documents\visual studio 2013\projects\opencvla\opencvla\opencvla.cpp(120): warning C4244: 'argument' : conversion from 'double' to 'int', possible loss of data
     1>c:\users\asus\documents\visual studio 2013\projects\opencvla\opencvla\opencvla.cpp(120): warning C4244: '=' : conversion from 'double' to 'uchar', possible loss of data
     1>c:\users\asus\documents\visual studio 2013\projects\opencvla\opencvla\opencvla.cpp(125): warning C4244: 'initializing' : conversion from 'double' to 'int', possible loss of data
     1>c:\users\asus\documents\visual studio 2013\projects\opencvla\opencvla\opencvla.cpp(131): warning C4244: 'argument' : conversion from 'double' to 'int', possible loss of data
     1>c:\users\asus\documents\visual studio 2013\projects\opencvla\opencvla\opencvla.cpp(131): warning C4244: '=' : conversion from 'double' to 'uchar', possible loss of data
     1>c:\users\asus\documents\visual studio 2013\projects\opencvla\opencvla\opencvla.cpp(136): warning C4244: 'argument' : conversion from 'double' to 'int', possible loss of data
     1>c:\users\asus\documents\visual studio 2013\projects\opencvla\opencvla\opencvla.cpp(278): warning C4102: 'cv' : unreferenced label
       Link:
         C:\Program Files (x86)\Microsoft Visual Studio 12.0\VC\bin\link.exe /ERRORREPORT:PROMPT /OUT:"C:\Users\asus\documents\visual studio 2013\Projects\OpenCVLA\Debug\OpenCVLA.exe" /INCREMENTAL /NOLOGO opencv_calib3d310d.lib opencv_core310d.lib opencv_features2d310d.lib opencv_flann310d.lib opencv_highgui310d.lib opencv_imgcodecs310d.lib opencv_imgproc310d.lib opencv_ml310d.lib opencv_objdetect310d.lib opencv_photo310d.lib opencv_shape310d.lib opencv_stitching310d.lib opencv_superres310d.lib opencv_ts310d.lib opencv_video310d.lib opencv_videoio310d.lib opencv_videostab310d.lib kernel32.lib user32.lib gdi32.lib winspool.lib comdlg32.lib advapi32.lib shell32.lib ole32.lib oleaut32.lib uuid.lib odbc32.lib odbccp32.lib /MANIFEST /MANIFESTUAC:"level='asInvoker' uiAccess='false'" /manifest:embed /DEBUG /PDB:"C:\Users\asus\documents\visual studio 2013\Projects\OpenCVLA\Debug\OpenCVLA.pdb" /SUBSYSTEM:CONSOLE /TLBID:1 /DYNAMICBASE /NXCOMPAT /IMPLIB:"C:\Users\asus\documents\visual studio 2013\Projects\OpenCVLA\Debug\OpenCVLA.lib" /MACHINE:X86 Debug\OpenCVLA.obj
         Debug\stdafx.obj
     1>opencv_core310d.lib(opencv_core310d.dll) : fatal error LNK1112: module machine type 'x64' conflicts with target machine type 'X86'
     1>Done Building Project "C:\Users\asus\documents\visual studio 2013\Projects\OpenCVLA\OpenCVLA\OpenCVLA.vcxproj" (Build target(s)) -- FAILED.

Build FAILED.

Time Elapsed 00:00:03.16
